mktextfm Inconsolata
mktextfm Inconsolata
mktextfm Inconsolata
mktextfm Inconsolata/BI
mktextfm Inconsolata
mktextfm Inconsolata/B
mktextfm Inconsolata
mktextfm Inconsolata/I
mktextfm Inconsolata
mktextfm Inconsolata
mktextfm Inconsolata
mktextfm Inconsolata
mktextfm Inconsolata
mktextfm Inconsolata/BI
mktextfm Inconsolata
mktextfm Inconsolata/B
mktextfm Inconsolata
mktextfm Inconsolata/I
mktextfm Inconsolata
mktextfm Inconsolata
mktextfm Inconsolatazi4
mktextfm Inconsolatazi4
mktextfm Inconsolatazi4
mktextfm Inconsolatazi4/BI
mktextfm Inconsolatazi4
mktextfm Inconsolatazi4/B
mktextfm Inconsolatazi4
mktextfm Inconsolatazi4/I
mktextfm Inconsolatazi4
mktextfm Inconsolatazi4
